<?xml version="1.0" encoding="UTF-8"?>
<!-- Generated by org.testng.reporters.JUnitXMLReporter -->
<testsuite ignored="0" hostname="amanpc" failures="0" tests="7" name="Test" time="14.33" errors="0" timestamp="2023-01-27T19:19:38 EST">
  <testcase classname="com.DSAlgo.qa.testcase.HomePageTest" name="DropdownOptionsValidationTest" time="0.069"/>
  <testcase classname="com.DSAlgo.qa.testcase.HomePageTest" name="UserNotLoggedInValidationMsgTest" time="0.242"/>
  <testcase classname="com.DSAlgo.qa.testcase.HomePageTest" name="VerifyUserLandedHomePageTest" time="0.006"/>
  <testcase classname="com.DSAlgo.qa.testcase.HomePageTest" name="RegisterLnkClickTest" time="0.234"/>
  <testcase classname="com.DSAlgo.qa.testcase.HomePageTest" name="loginLnkClickTest" time="0.155"/>
  <testcase classname="com.DSAlgo.qa.testcase.GetStartedTest" name="getStartedButtonClickTest" time="0.527"/>
  <testcase classname="com.DSAlgo.qa.testcase.GetStartedTest" name="validateUserLandingHomePageTest" time="0.005"/>
</testsuite> <!-- Test -->
